SF:/github/workspace/src/bin/nircmd.ts
FNF:0
FNH:0
BRF:0
BRH:0
DA:1,4
DA:1592,4
LH:2
LF:2
end_of_record
SF:/github/workspace/src/models/OSModel.ts
FNF:0
FNH:0
BRF:0
BRH:0
DA:1,8
LH:1
LF:1
end_of_record
SF:/github/workspace/src/nirCmd.ts
FN:16,runNirCmd
FN:39,validateNotBlank
FN:45,getOS
FN:49,getNir
FN:61,getDenoDir
FN:86,isBlank
FN:90,isDebug
FNDA:0,runNirCmd
FNDA:56,validateNotBlank
FNDA:0,getOS
FNDA:0,getNir
FNDA:0,getDenoDir
FNDA:56,isBlank
FNDA:0,isDebug
FNF:7
FNH:2
BRDA:40,2,0,20
BRDA:87,6,0,44
BRF:2
BRH:2
DA:1,4
DA:2,4
DA:3,4
DA:4,4
DA:5,4
DA:6,4
DA:8,1
DA:16,0
DA:17,0
DA:18,0
DA:19,0
DA:20,0
DA:21,0
DA:23,0
DA:24,0
DA:25,0
DA:26,0
DA:27,0
DA:28,0
DA:29,0
DA:30,0
DA:31,0
DA:32,0
DA:33,0
DA:34,0
DA:35,0
DA:36,0
DA:37,0
DA:39,4
DA:40,60
DA:41,80
DA:42,80
DA:43,60
DA:45,0
DA:46,0
DA:47,0
DA:49,0
DA:50,0
DA:51,0
DA:52,0
DA:53,0
DA:54,0
DA:55,0
DA:56,0
DA:57,0
DA:58,0
DA:59,0
DA:61,0
DA:62,0
DA:63,0
DA:64,0
DA:65,0
DA:67,0
DA:68,0
DA:69,0
DA:70,0
DA:71,0
DA:72,0
DA:73,0
DA:74,0
DA:75,0
DA:76,0
DA:77,0
DA:79,0
DA:80,0
DA:81,0
DA:82,0
DA:83,0
DA:84,0
DA:86,4
DA:87,60
DA:88,60
DA:90,0
DA:91,0
DA:92,0
DA:93,0
LH:15
LF:76
end_of_record
SF:/github/workspace/src/tsToCmd.ts
FN:3,createNirBin
FNDA:0,createNirBin
FNF:1
FNH:0
BRF:0
BRH:0
DA:1,4
DA:3,0
DA:4,0
DA:5,0
DA:7,0
DA:8,0
DA:9,0
DA:10,0
DA:12,0
DA:13,0
LH:1
LF:10
end_of_record
SF:/github/workspace/src/utils.ts
FN:13,getNirArgs
FN:13,getNirArgs
FN:51,getWindowArgs
FN:65,getWindowArgs
FN:98,matchConvert
FN:1,matchConvert
FNDA:18,getNirArgs
FNDA:51,getNirArgs
FNDA:48,getWindowArgs
FNDA:16,getWindowArgs
FNDA:15,matchConvert
FNDA:5,matchConvert
FNF:6
FNH:6
BRDA:25,2,0,15
BRDA:25,2,1,3
BRDA:25,2,2,15
BRDA:25,2,3,3
BRDA:25,2,4,1
BRDA:35,2,5,17
BRDA:39,2,6,13
BRDA:41,2,7,12
BRDA:42,2,8,10
BRDA:43,2,9,7
BRDA:44,2,10,1
BRDA:48,2,11,16
BRDA:55,2,12,2
BRDA:55,2,13,2
BRDA:65,2,14,11
BRDA:21,3,0,45
BRDA:21,3,1,6
BRDA:25,3,2,39
BRDA:25,3,3,36
BRDA:25,3,4,30
BRDA:25,3,5,21
BRDA:25,3,6,3
BRDA:33,3,7,48
BRDA:41,3,8,6
BRDA:46,3,9,33
BRDA:54,4,0,12
BRDA:58,4,1,36
BRDA:60,4,2,3
BRDA:63,4,3,33
BRDA:65,4,4,6
BRDA:72,4,5,27
BRDA:74,4,6,18
BRDA:82,4,7,9
BRDA:84,4,8,0
BRDA:86,4,9,9
BRDA:88,4,10,3
BRDA:91,4,11,6
BRDA:66,5,0,4
BRDA:75,5,1,12
BRDA:75,5,2,1
BRDA:79,5,3,11
BRDA:80,5,4,2
BRDA:85,5,5,9
BRDA:88,5,6,6
BRDA:94,5,7,3
BRDA:98,5,8,0
BRDA:101,5,9,3
BRDA:103,5,10,1
BRDA:106,5,11,2
BRDA:100,6,0,3
BRDA:102,6,1,6
BRDA:104,6,2,3
BRDA:106,6,3,3
BRDA:1,7,0,1
BRDA:1,7,1,2
BRDA:1,7,2,1
BRDA:1,7,3,1
BRF:57
BRH:55
DA:4,4
DA:6,1
DA:13,4
DA:14,4
DA:15,4
DA:16,4
DA:18,4
DA:21,73
DA:24,73
DA:25,73
DA:26,73
DA:27,73
DA:28,73
DA:29,73
DA:30,80
DA:31,80
DA:33,80
DA:35,121
DA:36,138
DA:38,138
DA:39,121
DA:41,73
DA:42,79
DA:43,79
DA:44,79
DA:45,80
DA:46,80
DA:48,106
DA:49,89
DA:51,38
DA:52,86
DA:54,86
DA:55,82
DA:56,84
DA:57,84
DA:58,84
DA:60,72
DA:61,75
DA:62,75
DA:63,75
DA:65,52
DA:66,74
DA:67,74
DA:68,74
DA:70,78
DA:71,78
DA:72,78
DA:74,72
DA:75,86
DA:76,86
DA:77,86
DA:79,86
DA:80,86
DA:81,88
DA:82,88
DA:84,0
DA:85,0
DA:86,0
DA:88,68
DA:89,77
DA:90,77
DA:91,77
DA:93,80
DA:94,74
DA:95,77
DA:96,71
DA:98,0
DA:99,0
DA:100,0
DA:101,0
DA:102,38
DA:103,41
DA:104,36
DA:105,39
DA:106,35
DA:107,40
DA:108,37
DA:109,37
LH:71
LF:78
end_of_record
